mode: set
golang-stepik-2020q2/6/99_hw/redditclone/pkg/posts/mongodb_abstract_layer.go:74.59,76.2 1 0
golang-stepik-2020q2/6/99_hw/redditclone/pkg/posts/mongodb_abstract_layer.go:82.57,84.2 1 0
golang-stepik-2020q2/6/99_hw/redditclone/pkg/posts/mongodb_abstract_layer.go:86.55,88.2 1 0
golang-stepik-2020q2/6/99_hw/redditclone/pkg/posts/mongodb_abstract_layer.go:90.54,92.2 1 0
golang-stepik-2020q2/6/99_hw/redditclone/pkg/posts/mongodb_abstract_layer.go:94.96,97.2 2 0
golang-stepik-2020q2/6/99_hw/redditclone/pkg/posts/mongodb_abstract_layer.go:99.96,102.2 2 0
golang-stepik-2020q2/6/99_hw/redditclone/pkg/posts/mongodb_abstract_layer.go:104.108,107.2 2 0
golang-stepik-2020q2/6/99_hw/redditclone/pkg/posts/mongodb_abstract_layer.go:109.105,112.2 2 0
golang-stepik-2020q2/6/99_hw/redditclone/pkg/posts/mongodb_abstract_layer.go:114.133,117.2 2 0
golang-stepik-2020q2/6/99_hw/redditclone/pkg/posts/mongodb_abstract_layer_mock.go:25.73,29.2 3 0
golang-stepik-2020q2/6/99_hw/redditclone/pkg/posts/mongodb_abstract_layer_mock.go:32.71,34.2 1 0
golang-stepik-2020q2/6/99_hw/redditclone/pkg/posts/mongodb_abstract_layer_mock.go:37.71,42.2 4 0
golang-stepik-2020q2/6/99_hw/redditclone/pkg/posts/mongodb_abstract_layer_mock.go:45.85,48.2 2 0
golang-stepik-2020q2/6/99_hw/redditclone/pkg/posts/mongodb_abstract_layer_mock.go:62.77,66.2 3 1
golang-stepik-2020q2/6/99_hw/redditclone/pkg/posts/mongodb_abstract_layer_mock.go:69.75,71.2 1 1
golang-stepik-2020q2/6/99_hw/redditclone/pkg/posts/mongodb_abstract_layer_mock.go:74.100,80.2 5 1
golang-stepik-2020q2/6/99_hw/redditclone/pkg/posts/mongodb_abstract_layer_mock.go:83.88,86.2 2 1
golang-stepik-2020q2/6/99_hw/redditclone/pkg/posts/mongodb_abstract_layer_mock.go:89.100,94.2 4 1
golang-stepik-2020q2/6/99_hw/redditclone/pkg/posts/mongodb_abstract_layer_mock.go:97.91,100.2 2 1
golang-stepik-2020q2/6/99_hw/redditclone/pkg/posts/mongodb_abstract_layer_mock.go:103.112,109.2 5 1
golang-stepik-2020q2/6/99_hw/redditclone/pkg/posts/mongodb_abstract_layer_mock.go:112.91,115.2 2 1
golang-stepik-2020q2/6/99_hw/redditclone/pkg/posts/mongodb_abstract_layer_mock.go:118.111,124.2 5 1
golang-stepik-2020q2/6/99_hw/redditclone/pkg/posts/mongodb_abstract_layer_mock.go:127.93,130.2 2 1
golang-stepik-2020q2/6/99_hw/redditclone/pkg/posts/mongodb_abstract_layer_mock.go:133.125,139.2 5 1
golang-stepik-2020q2/6/99_hw/redditclone/pkg/posts/mongodb_abstract_layer_mock.go:142.107,145.2 2 1
golang-stepik-2020q2/6/99_hw/redditclone/pkg/posts/mongodb_abstract_layer_mock.go:159.81,163.2 3 1
golang-stepik-2020q2/6/99_hw/redditclone/pkg/posts/mongodb_abstract_layer_mock.go:166.79,168.2 1 1
golang-stepik-2020q2/6/99_hw/redditclone/pkg/posts/mongodb_abstract_layer_mock.go:171.62,176.2 4 1
golang-stepik-2020q2/6/99_hw/redditclone/pkg/posts/mongodb_abstract_layer_mock.go:179.82,182.2 2 1
golang-stepik-2020q2/6/99_hw/redditclone/pkg/posts/mongodb_abstract_layer_mock.go:196.69,200.2 3 1
golang-stepik-2020q2/6/99_hw/redditclone/pkg/posts/mongodb_abstract_layer_mock.go:203.67,205.2 1 1
golang-stepik-2020q2/6/99_hw/redditclone/pkg/posts/mongodb_abstract_layer_mock.go:208.62,213.2 4 1
golang-stepik-2020q2/6/99_hw/redditclone/pkg/posts/mongodb_abstract_layer_mock.go:216.78,219.2 2 1
golang-stepik-2020q2/6/99_hw/redditclone/pkg/posts/mongodb_abstract_layer_mock.go:222.60,227.2 4 1
golang-stepik-2020q2/6/99_hw/redditclone/pkg/posts/mongodb_abstract_layer_mock.go:230.77,233.2 2 1
golang-stepik-2020q2/6/99_hw/redditclone/pkg/posts/mongodb_abstract_layer_mock.go:236.59,241.2 4 1
golang-stepik-2020q2/6/99_hw/redditclone/pkg/posts/mongodb_abstract_layer_mock.go:244.79,247.2 2 1
golang-stepik-2020q2/6/99_hw/redditclone/pkg/posts/mongodb_abstract_layer_mock.go:261.87,265.2 3 1
golang-stepik-2020q2/6/99_hw/redditclone/pkg/posts/mongodb_abstract_layer_mock.go:268.85,270.2 1 0
golang-stepik-2020q2/6/99_hw/redditclone/pkg/posts/mongodb_abstract_layer_mock.go:284.81,288.2 3 1
golang-stepik-2020q2/6/99_hw/redditclone/pkg/posts/mongodb_abstract_layer_mock.go:291.79,293.2 1 0
golang-stepik-2020q2/6/99_hw/redditclone/pkg/posts/mongodb_abstract_layer_mock.go:307.81,311.2 3 1
golang-stepik-2020q2/6/99_hw/redditclone/pkg/posts/mongodb_abstract_layer_mock.go:314.79,316.2 1 0
golang-stepik-2020q2/6/99_hw/redditclone/pkg/posts/repo.go:23.49,27.2 1 0
golang-stepik-2020q2/6/99_hw/redditclone/pkg/posts/repo.go:30.52,34.16 4 1
golang-stepik-2020q2/6/99_hw/redditclone/pkg/posts/repo.go:37.2,37.18 1 1
golang-stepik-2020q2/6/99_hw/redditclone/pkg/posts/repo.go:34.16,36.3 1 1
golang-stepik-2020q2/6/99_hw/redditclone/pkg/posts/repo.go:41.68,45.16 4 1
golang-stepik-2020q2/6/99_hw/redditclone/pkg/posts/repo.go:48.2,49.20 2 1
golang-stepik-2020q2/6/99_hw/redditclone/pkg/posts/repo.go:57.2,57.19 1 1
golang-stepik-2020q2/6/99_hw/redditclone/pkg/posts/repo.go:45.16,47.3 1 1
golang-stepik-2020q2/6/99_hw/redditclone/pkg/posts/repo.go:49.20,52.17 3 1
golang-stepik-2020q2/6/99_hw/redditclone/pkg/posts/repo.go:55.3,55.33 1 1
golang-stepik-2020q2/6/99_hw/redditclone/pkg/posts/repo.go:52.17,54.4 1 1
golang-stepik-2020q2/6/99_hw/redditclone/pkg/posts/repo.go:61.42,64.2 2 1
golang-stepik-2020q2/6/99_hw/redditclone/pkg/posts/repo.go:67.68,70.2 2 1
golang-stepik-2020q2/6/99_hw/redditclone/pkg/posts/repo.go:73.62,76.2 2 1
golang-stepik-2020q2/6/99_hw/redditclone/pkg/posts/repo.go:79.50,97.16 10 1
golang-stepik-2020q2/6/99_hw/redditclone/pkg/posts/repo.go:101.2,101.18 1 1
golang-stepik-2020q2/6/99_hw/redditclone/pkg/posts/repo.go:97.16,99.3 1 1
golang-stepik-2020q2/6/99_hw/redditclone/pkg/posts/repo.go:105.58,110.16 4 1
golang-stepik-2020q2/6/99_hw/redditclone/pkg/posts/repo.go:113.2,113.12 1 1
golang-stepik-2020q2/6/99_hw/redditclone/pkg/posts/repo.go:110.16,112.3 1 1
golang-stepik-2020q2/6/99_hw/redditclone/pkg/posts/repo.go:117.58,121.16 4 1
golang-stepik-2020q2/6/99_hw/redditclone/pkg/posts/repo.go:124.2,125.34 2 1
golang-stepik-2020q2/6/99_hw/redditclone/pkg/posts/repo.go:133.2,133.10 1 1
golang-stepik-2020q2/6/99_hw/redditclone/pkg/posts/repo.go:138.2,139.16 2 1
golang-stepik-2020q2/6/99_hw/redditclone/pkg/posts/repo.go:143.2,143.18 1 1
golang-stepik-2020q2/6/99_hw/redditclone/pkg/posts/repo.go:121.16,123.3 1 1
golang-stepik-2020q2/6/99_hw/redditclone/pkg/posts/repo.go:125.34,126.26 1 1
golang-stepik-2020q2/6/99_hw/redditclone/pkg/posts/repo.go:126.26,130.9 4 1
golang-stepik-2020q2/6/99_hw/redditclone/pkg/posts/repo.go:133.10,136.3 2 1
golang-stepik-2020q2/6/99_hw/redditclone/pkg/posts/repo.go:139.16,141.3 1 1
golang-stepik-2020q2/6/99_hw/redditclone/pkg/posts/repo.go:147.67,152.2 1 1
golang-stepik-2020q2/6/99_hw/redditclone/pkg/posts/repo.go:155.78,161.16 5 1
golang-stepik-2020q2/6/99_hw/redditclone/pkg/posts/repo.go:165.2,168.16 3 1
golang-stepik-2020q2/6/99_hw/redditclone/pkg/posts/repo.go:172.2,172.18 1 1
golang-stepik-2020q2/6/99_hw/redditclone/pkg/posts/repo.go:161.16,163.3 1 1
golang-stepik-2020q2/6/99_hw/redditclone/pkg/posts/repo.go:168.16,170.3 1 1
golang-stepik-2020q2/6/99_hw/redditclone/pkg/posts/repo.go:176.81,180.16 4 1
golang-stepik-2020q2/6/99_hw/redditclone/pkg/posts/repo.go:183.2,183.34 1 1
golang-stepik-2020q2/6/99_hw/redditclone/pkg/posts/repo.go:191.2,192.16 2 1
golang-stepik-2020q2/6/99_hw/redditclone/pkg/posts/repo.go:196.2,196.18 1 1
golang-stepik-2020q2/6/99_hw/redditclone/pkg/posts/repo.go:180.16,182.3 1 1
golang-stepik-2020q2/6/99_hw/redditclone/pkg/posts/repo.go:183.34,184.24 1 1
golang-stepik-2020q2/6/99_hw/redditclone/pkg/posts/repo.go:184.24,187.9 3 1
golang-stepik-2020q2/6/99_hw/redditclone/pkg/posts/repo.go:192.16,194.3 1 1
golang-stepik-2020q2/6/99_hw/redditclone/pkg/posts/repo.go:199.26,202.31 3 1
golang-stepik-2020q2/6/99_hw/redditclone/pkg/posts/repo.go:208.2,208.59 1 1
golang-stepik-2020q2/6/99_hw/redditclone/pkg/posts/repo.go:202.31,204.18 2 1
golang-stepik-2020q2/6/99_hw/redditclone/pkg/posts/repo.go:204.18,206.4 1 1
