mode: set
golang-stepik-2020q2/5/99_hw/redditclone/pkg/user/repo.go:15.32,17.2 1 0
golang-stepik-2020q2/5/99_hw/redditclone/pkg/user/repo.go:20.64,22.16 2 1
golang-stepik-2020q2/5/99_hw/redditclone/pkg/user/repo.go:27.2,28.32 2 1
golang-stepik-2020q2/5/99_hw/redditclone/pkg/user/repo.go:32.2,32.15 1 1
golang-stepik-2020q2/5/99_hw/redditclone/pkg/user/repo.go:22.16,24.3 1 1
golang-stepik-2020q2/5/99_hw/redditclone/pkg/user/repo.go:28.32,30.3 1 1
golang-stepik-2020q2/5/99_hw/redditclone/pkg/user/repo.go:36.55,38.14 2 1
golang-stepik-2020q2/5/99_hw/redditclone/pkg/user/repo.go:42.2,46.16 4 1
golang-stepik-2020q2/5/99_hw/redditclone/pkg/user/repo.go:50.2,51.16 2 1
golang-stepik-2020q2/5/99_hw/redditclone/pkg/user/repo.go:55.2,55.18 1 1
golang-stepik-2020q2/5/99_hw/redditclone/pkg/user/repo.go:38.14,40.3 1 1
golang-stepik-2020q2/5/99_hw/redditclone/pkg/user/repo.go:46.16,48.3 1 1
golang-stepik-2020q2/5/99_hw/redditclone/pkg/user/repo.go:51.16,53.3 1 1
golang-stepik-2020q2/5/99_hw/redditclone/pkg/user/repo.go:59.62,65.16 3 1
golang-stepik-2020q2/5/99_hw/redditclone/pkg/user/repo.go:68.2,68.18 1 1
golang-stepik-2020q2/5/99_hw/redditclone/pkg/user/repo.go:65.16,67.3 1 1
golang-stepik-2020q2/5/99_hw/redditclone/pkg/user/repo.go:72.53,77.16 3 1
golang-stepik-2020q2/5/99_hw/redditclone/pkg/user/repo.go:80.2,80.18 1 1
golang-stepik-2020q2/5/99_hw/redditclone/pkg/user/repo.go:77.16,79.3 1 1
golang-stepik-2020q2/5/99_hw/redditclone/pkg/user/repo.go:84.51,93.16 2 1
golang-stepik-2020q2/5/99_hw/redditclone/pkg/user/repo.go:96.2,97.16 2 1
golang-stepik-2020q2/5/99_hw/redditclone/pkg/user/repo.go:100.2,101.19 2 1
golang-stepik-2020q2/5/99_hw/redditclone/pkg/user/repo.go:93.16,95.3 1 1
golang-stepik-2020q2/5/99_hw/redditclone/pkg/user/repo.go:97.16,99.3 1 1
golang-stepik-2020q2/5/99_hw/redditclone/pkg/user/repo.go:104.37,108.2 3 1
